True
converged SCF energy = -920.38923514967
Excited State energies (eV)
[4.99040505 5.30854143 5.4381671  5.55391083 5.68763795 5.807713
 5.9810591  6.27407427 6.2932834  6.46957547 6.61609409 6.69314593
 6.73413507 6.90854172 6.91529157 6.96442856 7.04507782 7.07471532
 7.09700281 7.14784843]

** Singlet excitation energies and oscillator strengths **
Excited State   1:      4.99041 eV    248.45 nm  f=0.0005
Excited State   2:      5.30854 eV    233.56 nm  f=0.0177
Excited State   3:      5.43817 eV    227.99 nm  f=0.0021
Excited State   4:      5.55391 eV    223.24 nm  f=0.1561
Excited State   5:      5.68764 eV    217.99 nm  f=0.0603
Excited State   6:      5.80771 eV    213.48 nm  f=0.2472
Excited State   7:      5.98106 eV    207.29 nm  f=0.0018
Excited State   8:      6.27407 eV    197.61 nm  f=0.0004
Excited State   9:      6.29328 eV    197.01 nm  f=0.0000
Excited State  10:      6.46958 eV    191.64 nm  f=0.0009
Excited State  11:      6.61609 eV    187.40 nm  f=0.0223
Excited State  12:      6.69315 eV    185.24 nm  f=0.0107
Excited State  13:      6.73414 eV    184.11 nm  f=0.0094
Excited State  14:      6.90854 eV    179.47 nm  f=0.0001
Excited State  15:      6.91529 eV    179.29 nm  f=0.0178
Excited State  16:      6.96443 eV    178.02 nm  f=0.0519
Excited State  17:      7.04508 eV    175.99 nm  f=0.0446
Excited State  18:      7.07472 eV    175.25 nm  f=0.0092
Excited State  19:      7.09700 eV    174.70 nm  f=0.0501
Excited State  20:      7.14785 eV    173.46 nm  f=0.1754

** Singlet excitation energies and oscillator strengths **
Excited State   1:      4.99041 eV    248.45 nm  f=0.0005
Excited State   2:      5.30854 eV    233.56 nm  f=0.0177
Excited State   3:      5.43817 eV    227.99 nm  f=0.0021
Excited State   4:      5.55391 eV    223.24 nm  f=0.1561
Excited State   5:      5.68764 eV    217.99 nm  f=0.0603
Excited State   6:      5.80771 eV    213.48 nm  f=0.2472
Excited State   7:      5.98106 eV    207.29 nm  f=0.0018
Excited State   8:      6.27407 eV    197.61 nm  f=0.0004
Excited State   9:      6.29328 eV    197.01 nm  f=0.0000
Excited State  10:      6.46958 eV    191.64 nm  f=0.0009
Excited State  11:      6.61609 eV    187.40 nm  f=0.0223
Excited State  12:      6.69315 eV    185.24 nm  f=0.0107
Excited State  13:      6.73414 eV    184.11 nm  f=0.0094
Excited State  14:      6.90854 eV    179.47 nm  f=0.0001
Excited State  15:      6.91529 eV    179.29 nm  f=0.0178
Excited State  16:      6.96443 eV    178.02 nm  f=0.0519
Excited State  17:      7.04508 eV    175.99 nm  f=0.0446
Excited State  18:      7.07472 eV    175.25 nm  f=0.0092
Excited State  19:      7.09700 eV    174.70 nm  f=0.0501
Excited State  20:      7.14785 eV    173.46 nm  f=0.1754
 ** Mulliken pop  **
pop of  0  N 1s        1.98200
pop of  0  N 2s        0.96883
pop of  0  N 3s        0.23813
pop of  0  N 2px       0.80611
pop of  0  N 2py       0.80008
pop of  0  N 2pz       0.92379
pop of  0  N 3px       0.19955
pop of  0  N 3py       0.28863
pop of  0  N 3pz       0.66274
pop of  0  N 3dxx      0.03461
pop of  0  N 3dxy      0.00672
pop of  0  N 3dxz      0.00287
pop of  0  N 3dyy      0.03138
pop of  0  N 3dyz      0.00389
pop of  0  N 3dzz      0.00611
pop of  1  C 1s        1.98373
pop of  1  C 2s        0.86510
pop of  1  C 3s        0.23571
pop of  1  C 2px       0.68355
pop of  1  C 2py       0.78457
pop of  1  C 2pz       0.61260
pop of  1  C 3px       0.13888
pop of  1  C 3py       0.14713
pop of  1  C 3pz       0.38034
pop of  1  C 3dxx      0.05371
pop of  1  C 3dxy      0.01759
pop of  1  C 3dxz      0.01475
pop of  1  C 3dyy      0.05994
pop of  1  C 3dyz      0.00626
pop of  1  C 3dzz      0.00476
pop of  2  N 1s        1.98253
pop of  2  N 2s        1.02528
pop of  2  N 3s        0.30916
pop of  2  N 2px       0.94146
pop of  2  N 2py       0.74030
pop of  2  N 2pz       0.68748
pop of  2  N 3px       0.49381
pop of  2  N 3py       0.21935
pop of  2  N 3pz       0.48239
pop of  2  N 3dxx      0.01552
pop of  2  N 3dxy      0.01188
pop of  2  N 3dxz      0.00560
pop of  2  N 3dyy      0.03293
pop of  2  N 3dyz      0.00471
pop of  2  N 3dzz      0.01616
pop of  3  C 1s        1.98329
pop of  3  C 2s        0.85903
pop of  3  C 3s        0.16090
pop of  3  C 2px       0.74074
pop of  3  C 2py       0.75000
pop of  3  C 2pz       0.68253
pop of  3  C 3px       0.16652
pop of  3  C 3py       0.11318
pop of  3  C 3pz       0.43813
pop of  3  C 3dxx      0.04552
pop of  3  C 3dxy      0.01367
pop of  3  C 3dxz      0.00687
pop of  3  C 3dyy      0.06472
pop of  3  C 3dyz      0.00844
pop of  3  C 3dzz      0.00920
pop of  4  C 1s        1.98383
pop of  4  C 2s        0.88890
pop of  4  C 3s        0.21841
pop of  4  C 2px       0.74309
pop of  4  C 2py       0.78534
pop of  4  C 2pz       0.54286
pop of  4  C 3px       0.29042
pop of  4  C 3py       0.37232
pop of  4  C 3pz       0.32381
pop of  4  C 3dxx      0.06294
pop of  4  C 3dxy      0.02173
pop of  4  C 3dxz      0.02090
pop of  4  C 3dyy      0.05097
pop of  4  C 3dyz      0.01007
pop of  4  C 3dzz      0.00406
pop of  5  N 1s        1.98185
pop of  5  N 2s        0.94869
pop of  5  N 3s        0.16994
pop of  5  N 2px       0.78285
pop of  5  N 2py       0.78512
pop of  5  N 2pz       0.97562
pop of  5  N 3px       0.24797
pop of  5  N 3py       0.21029
pop of  5  N 3pz       0.72662
pop of  5  N 3dxx      0.03052
pop of  5  N 3dxy      0.00516
pop of  5  N 3dxz      0.00224
pop of  5  N 3dyy      0.02963
pop of  5  N 3dyz      0.00038
pop of  5  N 3dzz      0.00523
pop of  6  N 1s        1.98239
pop of  6  N 2s        1.00953
pop of  6  N 3s        0.32461
pop of  6  N 2px       0.75535
pop of  6  N 2py       0.93545
pop of  6  N 2pz       0.71493
pop of  6  N 3px       0.17578
pop of  6  N 3py       0.54534
pop of  6  N 3pz       0.52728
pop of  6  N 3dxx      0.03679
pop of  6  N 3dxy      0.01044
pop of  6  N 3dxz      0.00351
pop of  6  N 3dyy      0.01196
pop of  6  N 3dyz      0.00413
pop of  6  N 3dzz      0.01566
pop of  7  C 1s        1.98387
pop of  7  C 2s        0.88168
pop of  7  C 3s        0.22048
pop of  7  C 2px       0.75299
pop of  7  C 2py       0.76004
pop of  7  C 2pz       0.54335
pop of  7  C 3px       0.17936
pop of  7  C 3py       0.15676
pop of  7  C 3pz       0.35142
pop of  7  C 3dxx      0.04967
pop of  7  C 3dxy      0.03008
pop of  7  C 3dxz      0.00947
pop of  7  C 3dyy      0.05487
pop of  7  C 3dyz      0.01061
pop of  7  C 3dzz      0.00598
pop of  8  N 1s        1.98246
pop of  8  N 2s        1.01475
pop of  8  N 3s        0.28925
pop of  8  N 2px       0.91691
pop of  8  N 2py       0.76664
pop of  8  N 2pz       0.71602
pop of  8  N 3px       0.47717
pop of  8  N 3py       0.21503
pop of  8  N 3pz       0.51883
pop of  8  N 3dxx      0.01528
pop of  8  N 3dxy      0.00981
pop of  8  N 3dxz      0.00469
pop of  8  N 3dyy      0.03520
pop of  8  N 3dyz      0.00412
pop of  8  N 3dzz      0.01648
pop of  9  C 1s        1.98362
pop of  9  C 2s        0.87916
pop of  9  C 3s        0.18436
pop of  9  C 2px       0.79825
pop of  9  C 2py       0.69757
pop of  9  C 2pz       0.61421
pop of  9  C 3px       0.24177
pop of  9  C 3py       0.29181
pop of  9  C 3pz       0.36978
pop of  9  C 3dxx      0.05695
pop of  9  C 3dxy      0.01708
pop of  9  C 3dxz      0.01138
pop of  9  C 3dyy      0.06435
pop of  9  C 3dyz      0.01499
pop of  9  C 3dzz      0.00590
pop of  10  H 1s        0.71758
pop of  10  H 2s        0.11040
pop of  10  H 2px       0.01718
pop of  10  H 2py       0.01169
pop of  10  H 2pz       0.01146
pop of  11  H 1s        0.74045
pop of  11  H 2s        0.21723
pop of  11  H 2px       0.00280
pop of  11  H 2py       0.01132
pop of  11  H 2pz       0.00459
pop of  12  H 1s        0.70877
pop of  12  H 2s        0.11449
pop of  12  H 2px       0.01700
pop of  12  H 2py       0.01335
pop of  12  H 2pz       0.01212
pop of  13  H 1s        0.70410
pop of  13  H 2s        0.12240
pop of  13  H 2px       0.00714
pop of  13  H 2py       0.02239
pop of  13  H 2pz       0.01192
pop of  14  H 1s        0.75244
pop of  14  H 2s        0.21312
pop of  14  H 2px       0.00601
pop of  14  H 2py       0.00747
pop of  14  H 2pz       0.00319
pop of  15  N 1s        1.98186
pop of  15  N 2s        0.95828
pop of  15  N 3s        0.24091
pop of  15  N 2px       0.79821
pop of  15  N 2py       0.79033
pop of  15  N 2pz       0.95760
pop of  15  N 3px       0.26817
pop of  15  N 3py       0.24030
pop of  15  N 3pz       0.67679
pop of  15  N 3dxx      0.03303
pop of  15  N 3dxy      0.00548
pop of  15  N 3dxz      0.00122
pop of  15  N 3dyy      0.03302
pop of  15  N 3dyz      0.00376
pop of  15  N 3dzz      0.00549
pop of  16  C 1s        1.98392
pop of  16  C 2s        0.88295
pop of  16  C 3s        0.11902
pop of  16  C 2px       0.72049
pop of  16  C 2py       0.75306
pop of  16  C 2pz       0.55950
pop of  16  C 3px       0.26509
pop of  16  C 3py       0.20582
pop of  16  C 3pz       0.28583
pop of  16  C 3dxx      0.06275
pop of  16  C 3dxy      0.03600
pop of  16  C 3dxz      0.01839
pop of  16  C 3dyy      0.07471
pop of  16  C 3dyz      0.02672
pop of  16  C 3dzz     -0.00341
pop of  17  O 1s        1.98245
pop of  17  O 2s        1.09305
pop of  17  O 3s        0.56047
pop of  17  O 2px       1.04445
pop of  17  O 2py       0.92918
pop of  17  O 2pz       0.87740
pop of  17  O 3px       0.58904
pop of  17  O 3py       0.45639
pop of  17  O 3pz       0.58580
pop of  17  O 3dxx      0.00954
pop of  17  O 3dxy      0.00547
pop of  17  O 3dxz      0.00130
pop of  17  O 3dyy      0.01679
pop of  17  O 3dyz      0.00446
pop of  17  O 3dzz      0.01022
pop of  18  N 1s        1.98194
pop of  18  N 2s        0.96552
pop of  18  N 3s        0.25735
pop of  18  N 2px       0.79697
pop of  18  N 2py       0.80953
pop of  18  N 2pz       0.94170
pop of  18  N 3px       0.20324
pop of  18  N 3py       0.28314
pop of  18  N 3pz       0.68348
pop of  18  N 3dxx      0.03482
pop of  18  N 3dxy      0.00566
pop of  18  N 3dxz      0.00263
pop of  18  N 3dyy      0.02971
pop of  18  N 3dyz      0.00146
pop of  18  N 3dzz      0.00653
pop of  19  C 1s        1.98390
pop of  19  C 2s        0.89317
pop of  19  C 3s        0.08908
pop of  19  C 2px       0.76382
pop of  19  C 2py       0.73919
pop of  19  C 2pz       0.52664
pop of  19  C 3px       0.21656
pop of  19  C 3py       0.26916
pop of  19  C 3pz       0.29490
pop of  19  C 3dxx      0.06724
pop of  19  C 3dxy      0.04943
pop of  19  C 3dxz      0.02639
pop of  19  C 3dyy      0.04282
pop of  19  C 3dyz      0.00947
pop of  19  C 3dzz      0.00259
pop of  20  O 1s        1.98251
pop of  20  O 2s        1.09667
pop of  20  O 3s        0.55695
pop of  20  O 2px       0.89116
pop of  20  O 2py       1.10249
pop of  20  O 2pz       0.84860
pop of  20  O 3px       0.40692
pop of  20  O 3py       0.65892
pop of  20  O 3pz       0.56916
pop of  20  O 3dxx      0.02048
pop of  20  O 3dxy      0.00360
pop of  20  O 3dxz      0.00552
pop of  20  O 3dyy      0.00718
pop of  20  O 3dyz      0.00004
pop of  20  O 3dzz      0.01080
pop of  21  C 1s        1.98329
pop of  21  C 2s        0.84660
pop of  21  C 3s        0.22478
pop of  21  C 2px       0.76910
pop of  21  C 2py       0.74408
pop of  21  C 2pz       0.64016
pop of  21  C 3px       0.11953
pop of  21  C 3py       0.30781
pop of  21  C 3pz       0.45496
pop of  21  C 3dxx      0.04706
pop of  21  C 3dxy      0.01157
pop of  21  C 3dxz      0.00660
pop of  21  C 3dyy      0.04601
pop of  21  C 3dyz      0.00514
pop of  21  C 3dzz      0.01119
pop of  22  C 1s        1.98330
pop of  22  C 2s        0.84362
pop of  22  C 3s        0.00496
pop of  22  C 2px       0.73596
pop of  22  C 2py       0.69892
pop of  22  C 2pz       0.71526
pop of  22  C 3px       0.29272
pop of  22  C 3py       0.26201
pop of  22  C 3pz       0.26859
pop of  22  C 3dxx      0.03362
pop of  22  C 3dxy      0.00534
pop of  22  C 3dxz      0.00237
pop of  22  C 3dyy      0.03146
pop of  22  C 3dyz      0.00886
pop of  22  C 3dzz      0.03148
pop of  23  C 1s        1.98355
pop of  23  C 2s        0.85038
pop of  23  C 3s        0.18788
pop of  23  C 2px       0.80754
pop of  23  C 2py       0.73234
pop of  23  C 2pz       0.58473
pop of  23  C 3px       0.21544
pop of  23  C 3py       0.04943
pop of  23  C 3pz       0.37386
pop of  23  C 3dxx      0.04541
pop of  23  C 3dxy      0.01822
pop of  23  C 3dxz      0.01098
pop of  23  C 3dyy      0.04895
pop of  23  C 3dyz      0.00699
pop of  23  C 3dzz      0.00710
pop of  24  H 1s        0.71187
pop of  24  H 2s        0.09527
pop of  24  H 2px       0.02312
pop of  24  H 2py       0.00614
pop of  24  H 2pz       0.01157
pop of  25  H 1s        0.70657
pop of  25  H 2s        0.10166
pop of  25  H 2px       0.01168
pop of  25  H 2py       0.01813
pop of  25  H 2pz       0.00993
pop of  26  H 1s        0.78368
pop of  26  H 2s        0.23847
pop of  26  H 2px       0.00652
pop of  26  H 2py       0.01031
pop of  26  H 2pz       0.00577
pop of  27  H 1s        0.71786
pop of  27  H 2s        0.20508
pop of  27  H 2px       0.01236
pop of  27  H 2py       0.00454
pop of  27  H 2pz       0.00445
pop of  28  H 1s        0.73749
pop of  28  H 2s        0.24144
pop of  28  H 2px       0.00513
pop of  28  H 2py       0.00640
pop of  28  H 2pz       0.00947
pop of  29  H 1s        0.73193
pop of  29  H 2s        0.21745
pop of  29  H 2px       0.00499
pop of  29  H 2py       0.00632
pop of  29  H 2pz       0.00964
 ** Mulliken atomic charges  **
charge of  0N =      0.04457
charge of  1C =      0.01137
charge of  2N =      0.03142
charge of  3C =     -0.04272
charge of  4C =     -0.31965
charge of  5N =      0.09790
charge of  6N =     -0.05314
charge of  7C =      0.00936
charge of  8N =      0.01736
charge of  9C =     -0.23116
charge of  10H =      0.13170
charge of  11H =      0.02363
charge of  12H =      0.13428
charge of  13H =      0.13204
charge of  14H =      0.01777
charge of  15N =      0.00556
charge of  16C =      0.00918
charge of  17O =     -0.16602
charge of  18N =     -0.00369
charge of  19C =      0.02562
charge of  20O =     -0.16099
charge of  21C =     -0.21787
charge of  22C =      0.08154
charge of  23C =      0.07719
charge of  24H =      0.15203
charge of  25H =      0.15203
charge of  26H =     -0.04475
charge of  27H =      0.05570
charge of  28H =      0.00007
charge of  29H =      0.02967
[[ 4.35197375e+04  0.00000000e+00  0.00000000e+00 -4.09543649e+01
  -2.74254615e+01 -9.79336167e+02 -3.03037396e+02  4.09523753e+01
   3.75774462e+00 -4.51483953e+00  1.02011448e+03 -5.66982414e+02
  -1.62816963e+03  3.90359211e+02 -3.93749671e+02 -9.61665944e+00
  -4.63084109e+02 -6.77872547e+01  3.75911914e+01  8.30413630e+01]
 [ 0.00000000e+00  5.36325554e+04  0.00000000e+00  2.51694959e+01
  -2.31531808e-01  2.31355940e+02 -2.85309915e+02 -1.55605591e+02
   2.32987185e+01 -1.18521134e+01 -1.56450132e+02 -8.25425334e+01
  -1.03371385e+02 -2.13260284e+01 -6.45806899e+01 -3.38394329e+01
   3.55924537e+02  9.16087548e+01 -2.47423769e-01  5.23096821e+01]
 [ 0.00000000e+00  0.00000000e+00  5.19297436e+04  5.03361362e+00
   3.90105052e+01 -3.97689544e+01  1.71884583e+01 -1.09143079e+03
   2.41832188e+01 -1.29660343e+02  1.30767647e+02 -4.73293693e+02
   2.95117073e+02 -4.96708293e+01  1.03732148e+02  3.67202544e+01
  -8.45144916e+01  2.02442753e+01 -1.21015350e+01 -6.11597414e+01]
 [-4.09543649e+01  2.51694959e+01  5.03361362e+00  5.44214111e+04
   8.47402922e+00 -2.15564143e+02  3.10091748e+02  2.22260026e+01
  -1.61670886e+02  3.00087371e+01  1.64509118e+02  4.60586627e+01
   2.77903948e+02  2.02474114e+01 -1.08697030e+02 -1.38602488e+01
  -9.49322444e+01  3.45267236e+02  4.05126198e+02 -5.75364634e+01]
 [-2.74254615e+01 -2.31531808e-01  3.90105052e+01  8.47402922e+00
   4.38708159e+04  0.00000000e+00  0.00000000e+00  0.00000000e+00
   0.00000000e+00  0.00000000e+00  0.00000000e+00  0.00000000e+00
   0.00000000e+00  1.09489826e+00  8.79115014e+01 -2.22747653e+00
  -5.85362425e+01 -4.43947293e+01  8.08980584e-01  1.06102390e+01]
 [-9.79336167e+02  2.31355940e+02 -3.97689544e+01 -2.15564143e+02
   0.00000000e+00  4.55219033e+04  0.00000000e+00  0.00000000e+00
   0.00000000e+00  0.00000000e+00  0.00000000e+00  0.00000000e+00
   0.00000000e+00  1.72399477e+01  5.04558532e+01 -5.95271602e+00
  -1.94948080e+02  2.36880175e+02 -4.65280307e+01 -1.33546691e+00]
 [-3.03037396e+02 -2.85309915e+02  1.71884583e+01  3.10091748e+02
   0.00000000e+00  0.00000000e+00  4.68497277e+04  0.00000000e+00
   0.00000000e+00  0.00000000e+00  0.00000000e+00  0.00000000e+00
   0.00000000e+00  7.08316164e+01 -9.03203355e+01 -1.29163257e+01
   5.16921679e+01 -4.22007016e+02 -3.76793143e+01  3.13818703e+01]
 [ 4.09523753e+01 -1.55605591e+02 -1.09143079e+03  2.22260026e+01
   0.00000000e+00  0.00000000e+00  0.00000000e+00  4.85713361e+04
   0.00000000e+00  0.00000000e+00  0.00000000e+00  0.00000000e+00
   0.00000000e+00 -2.88018644e+00 -2.76715461e+01 -2.73379102e+00
   6.84404025e+01 -2.06820027e+01  8.33581016e+00 -7.56664857e+00]
 [ 3.75774462e+00  2.32987185e+01  2.41832188e+01 -1.61670886e+02
   0.00000000e+00  0.00000000e+00  0.00000000e+00  0.00000000e+00
   5.06122719e+04  0.00000000e+00  0.00000000e+00  0.00000000e+00
   0.00000000e+00  7.26781238e+00 -1.16581076e+02 -2.07290034e+00
   1.13661143e+02  1.89408230e+01  3.29064905e+00 -1.03613509e+01]
 [-4.51483953e+00 -1.18521134e+01 -1.29660343e+02  3.00087371e+01
   0.00000000e+00  0.00000000e+00  0.00000000e+00  0.00000000e+00
   0.00000000e+00  5.57701455e+04  0.00000000e+00  0.00000000e+00
   0.00000000e+00  6.87086249e+00  1.35381699e+01  7.45235892e+00
  -2.78167795e+01 -1.91979454e+01  6.79028863e-02 -3.86923958e-01]
 [ 1.02011448e+03 -1.56450132e+02  1.30767647e+02  1.64509118e+02
   0.00000000e+00  0.00000000e+00  0.00000000e+00  0.00000000e+00
   0.00000000e+00  0.00000000e+00  5.61741388e+04  0.00000000e+00
   0.00000000e+00  1.33507950e+01  3.73062489e+02 -5.17570963e+01
  -2.16660660e+02  3.58496696e+02  1.76888663e+02 -2.30378351e+01]
 [-5.66982414e+02 -8.25425334e+01 -4.73293693e+02  4.60586627e+01
   0.00000000e+00  0.00000000e+00  0.00000000e+00  0.00000000e+00
   0.00000000e+00  0.00000000e+00  0.00000000e+00  5.70605487e+04
   0.00000000e+00 -3.78223924e+00  7.02689190e+01  5.79292767e+00
  -1.05533604e+02 -8.67605193e+00 -6.37992220e+01  6.33248887e+00]
 [-1.62816963e+03 -1.03371385e+02  2.95117073e+02  2.77903948e+02
   0.00000000e+00  0.00000000e+00  0.00000000e+00  0.00000000e+00
   0.00000000e+00  0.00000000e+00  0.00000000e+00  0.00000000e+00
   5.67359507e+04  3.94197761e+01  3.29176307e+02 -7.28829307e+00
  -3.91287874e+02  1.95169751e+02 -1.68764403e+02  5.43690216e+01]
 [ 3.90359211e+02 -2.13260284e+01 -4.96708293e+01  2.02474114e+01
   1.09489826e+00  1.72399477e+01  7.08316164e+01 -2.88018644e+00
   7.26781238e+00  6.87086249e+00  1.33507950e+01 -3.78223924e+00
   3.94197761e+01  4.03089807e+04  0.00000000e+00  0.00000000e+00
   0.00000000e+00  0.00000000e+00  0.00000000e+00  0.00000000e+00]
 [-3.93749671e+02 -6.45806899e+01  1.03732148e+02 -1.08697030e+02
   8.79115014e+01  5.04558532e+01 -9.03203355e+01 -2.76715461e+01
  -1.16581076e+02  1.35381699e+01  3.73062489e+02  7.02689190e+01
   3.29176307e+02  0.00000000e+00  4.47876076e+04  0.00000000e+00
   0.00000000e+00  0.00000000e+00  0.00000000e+00  0.00000000e+00]
 [-9.61665944e+00 -3.38394329e+01  3.67202544e+01 -1.38602488e+01
  -2.22747653e+00 -5.95271602e+00 -1.29163257e+01 -2.73379102e+00
  -2.07290034e+00  7.45235892e+00 -5.17570963e+01  5.79292767e+00
  -7.28829307e+00  0.00000000e+00  0.00000000e+00  5.07604032e+04
   0.00000000e+00  0.00000000e+00  0.00000000e+00  0.00000000e+00]
 [-4.63084109e+02  3.55924537e+02 -8.45144916e+01 -9.49322444e+01
  -5.85362425e+01 -1.94948080e+02  5.16921679e+01  6.84404025e+01
   1.13661143e+02 -2.78167795e+01 -2.16660660e+02 -1.05533604e+02
  -3.91287874e+02  0.00000000e+00  0.00000000e+00  0.00000000e+00
   5.37513356e+04  0.00000000e+00  0.00000000e+00  0.00000000e+00]
 [-6.77872547e+01  9.16087548e+01  2.02442753e+01  3.45267236e+02
  -4.43947293e+01  2.36880175e+02 -4.22007016e+02 -2.06820027e+01
   1.89408230e+01 -1.91979454e+01  3.58496696e+02 -8.67605193e+00
   1.95169751e+02  0.00000000e+00  0.00000000e+00  0.00000000e+00
   0.00000000e+00  5.74172988e+04  0.00000000e+00  0.00000000e+00]
 [ 3.75911914e+01 -2.47423769e-01 -1.21015350e+01  4.05126198e+02
   8.08980584e-01 -4.65280307e+01 -3.76793143e+01  8.33581016e+00
   3.29064905e+00  6.79028863e-02  1.76888663e+02 -6.37992220e+01
  -1.68764403e+02  0.00000000e+00  0.00000000e+00  0.00000000e+00
   0.00000000e+00  0.00000000e+00  5.69112070e+04  0.00000000e+00]
 [ 8.30413630e+01  5.23096821e+01 -6.11597414e+01 -5.75364634e+01
   1.06102390e+01 -1.33546691e+00  3.13818703e+01 -7.56664857e+00
  -1.03613509e+01 -3.86923958e-01 -2.30378351e+01  6.33248887e+00
   5.43690216e+01  0.00000000e+00  0.00000000e+00  0.00000000e+00
   0.00000000e+00  0.00000000e+00  0.00000000e+00  5.57172416e+04]]
Submatrix Sizes:

CT1_Size:  3 
CT2_Size:  1 
LE1_Size:  9 
LE2_Size:  7
